Assuming unrestricted shared filesystem usage.
host: DESKTOP-VIEMRHI
Building DAG of jobs...
Creating conda environment envs/fastp.yaml...
Downloading and installing remote packages.
Cleaning up conda package tarballs.
Environment for /home/abishag/Snakemake_RNASeq/rna-seq-analysis-snakemake-pipeline/envs/fastp.yaml created (location: .snakemake/conda/1f6aaa119c386cd5c9706ec35efbf4cc_)
Creating conda environment envs/featurecounts.yaml...
Downloading and installing remote packages.
Cleaning up conda package tarballs.
Environment for /home/abishag/Snakemake_RNASeq/rna-seq-analysis-snakemake-pipeline/envs/featurecounts.yaml created (location: .snakemake/conda/6a2bcab1b6b8498019e3972cc9bb407b_)
Creating conda environment envs/deseq2.yaml...
Downloading and installing remote packages.
CreateCondaEnvironmentException:
Could not create conda environment from /home/abishag/Snakemake_RNASeq/rna-seq-analysis-snakemake-pipeline/envs/deseq2.yaml:
Command:
conda env create --quiet --no-default-packages --file "/home/abishag/Snakemake_RNASeq/rna-seq-analysis-snakemake-pipeline/.snakemake/conda/c9349160a494af8f81449735e3b56477_.yaml" --prefix "/home/abishag/Snakemake_RNASeq/rna-seq-analysis-snakemake-pipeline/.snakemake/conda/c9349160a494af8f81449735e3b56477_"
Output:
2 channel Terms of Service accepted
Channels:
 - bioconda
 - conda-forge
 - defaults
Platform: linux-64
Collecting package metadata (repodata.json): ...working... done
Solving environment: ...working... failed

LibMambaUnsatisfiableError: Encountered problems while solving:
  - package r-ggplot2-3.4.4-r43h6115d3f_0 is excluded by strict repo priority
  - package bioconductor-deseq2-1.42.0-r43hf17093f_0 requires bioconductor-matrixgenerics >=1.14.0,<1.15.0, but none of the providers can be installed
  - package r-base-4.2.2-h6b4767f_2 requires libtiff >=4.4.0,<4.5.0a0, but none of the providers can be installed



